C:\USERS\KEVIN\DOCUMENTS\VISUAL STUDIO 2010\PROJECTS\THREADS\THREADS\DEBUG\.NETFRAMEWORK,VERSION=V4.0.ASSEMBLYATTRIBUTES.OBJ
C:\USERS\KEVIN\DOCUMENTS\VISUAL STUDIO 2010\PROJECTS\THREADS\THREADS\DEBUG\APP.RES
C:\USERS\KEVIN\DOCUMENTS\VISUAL STUDIO 2010\PROJECTS\THREADS\THREADS\DEBUG\ASSEMBLYINFO.OBJ
C:\Users\Kevin\Documents\Visual Studio 2010\Projects\Threads\Threads\Debug\cl.command.1.tlog
C:\Users\Kevin\Documents\Visual Studio 2010\Projects\Threads\Threads\Debug\CL.read.1.tlog
C:\Users\Kevin\Documents\Visual Studio 2010\Projects\Threads\Threads\Debug\CL.write.1.tlog
C:\Users\Kevin\Documents\Visual Studio 2010\Projects\Threads\Threads\Debug\link.1696.read.1.tlog
C:\Users\Kevin\Documents\Visual Studio 2010\Projects\Threads\Threads\Debug\link.1696.write.1.tlog
C:\Users\Kevin\Documents\Visual Studio 2010\Projects\Threads\Threads\Debug\link.1696-cvtres.read.1.tlog
C:\Users\Kevin\Documents\Visual Studio 2010\Projects\Threads\Threads\Debug\link.1696-cvtres.write.1.tlog
C:\Users\Kevin\Documents\Visual Studio 2010\Projects\Threads\Threads\Debug\link.8716.read.1.tlog
C:\Users\Kevin\Documents\Visual Studio 2010\Projects\Threads\Threads\Debug\link.8716.write.1.tlog
C:\Users\Kevin\Documents\Visual Studio 2010\Projects\Threads\Threads\Debug\link.8716-cvtres.read.1.tlog
C:\Users\Kevin\Documents\Visual Studio 2010\Projects\Threads\Threads\Debug\link.8716-cvtres.write.1.tlog
C:\Users\Kevin\Documents\Visual Studio 2010\Projects\Threads\Threads\Debug\link.command.1.tlog
C:\Users\Kevin\Documents\Visual Studio 2010\Projects\Threads\Threads\Debug\link.read.1.tlog
C:\Users\Kevin\Documents\Visual Studio 2010\Projects\Threads\Threads\Debug\link.write.1.tlog
C:\Users\Kevin\Documents\Visual Studio 2010\Projects\Threads\Threads\Debug\mt.command.1.tlog
C:\Users\Kevin\Documents\Visual Studio 2010\Projects\Threads\Threads\Debug\mt.read.1.tlog
C:\Users\Kevin\Documents\Visual Studio 2010\Projects\Threads\Threads\Debug\mt.write.1.tlog
C:\Users\Kevin\Documents\Visual Studio 2010\Projects\Threads\Threads\Debug\rc.command.1.tlog
C:\Users\Kevin\Documents\Visual Studio 2010\Projects\Threads\Threads\Debug\rc.read.1.tlog
C:\Users\Kevin\Documents\Visual Studio 2010\Projects\Threads\Threads\Debug\rc.write.1.tlog
C:\USERS\KEVIN\DOCUMENTS\VISUAL STUDIO 2010\PROJECTS\THREADS\THREADS\DEBUG\STDAFX.OBJ
C:\USERS\KEVIN\DOCUMENTS\VISUAL STUDIO 2010\PROJECTS\THREADS\THREADS\DEBUG\THREADCOND.OBJ
C:\USERS\KEVIN\DOCUMENTS\VISUAL STUDIO 2010\PROJECTS\THREADS\THREADS\DEBUG\THREADMUTEX.OBJ
C:\USERS\KEVIN\DOCUMENTS\VISUAL STUDIO 2010\PROJECTS\THREADS\THREADS\DEBUG\THREADS.DLL.INTERMEDIATE.MANIFEST
C:\USERS\KEVIN\DOCUMENTS\VISUAL STUDIO 2010\PROJECTS\THREADS\THREADS\DEBUG\THREADS.OBJ
C:\USERS\KEVIN\DOCUMENTS\VISUAL STUDIO 2010\PROJECTS\THREADS\THREADS\DEBUG\THREADS.PCH
C:\Users\Kevin\Documents\Visual Studio 2010\Projects\Threads\Threads\Debug\Threads.write.1.tlog
C:\USERS\KEVIN\DOCUMENTS\VISUAL STUDIO 2010\PROJECTS\THREADS\THREADS\DEBUG\VC100.PDB
C:\USERS\KEVIN\DOCUMENTS\VISUAL STUDIO 2010\PROJECTS\THREADTEST\DEBUG\THREADS.DLL
c:\users\kevin\documents\visual studio 2010\Projects\ThreadTest\Debug\Threads.exp
C:\USERS\KEVIN\DOCUMENTS\VISUAL STUDIO 2010\PROJECTS\THREADTEST\DEBUG\THREADS.ILK
c:\users\kevin\documents\visual studio 2010\Projects\ThreadTest\Debug\Threads.lib
C:\USERS\KEVIN\DOCUMENTS\VISUAL STUDIO 2010\PROJECTS\THREADTEST\DEBUG\THREADS.PDB
