Build started 11/10/2013 13:49:25.
     1>Project "C:\Users\Kevin\Documents\Visual Studio 2010\Projects\Threads\Threads\Threads.vcxproj" on node 2 (build target(s)).
     1>InitializeBuildStatus:
         Creating "Debug\Threads.unsuccessfulbuild" because "AlwaysCreate" was specified.
       GenerateTargetFrameworkMonikerAttribute:
       Skipping target "GenerateTargetFrameworkMonikerAttribute" because all output files are up-to-date with respect to the input files.
       ClCompile:
         All outputs are up-to-date.
         All outputs are up-to-date.
         All outputs are up-to-date.
       ResourceCompile:
         All outputs are up-to-date.
       Link:
         C:\Program Files (x86)\Microsoft Visual Studio 10.0\VC\bin\link.exe /ERRORREPORT:PROMPT /OUT:"c:\users\kevin\documents\visual studio 2010\Projects\ThreadTest\Debug\Threads.dll" /INCREMENTAL /NOLOGO /MANIFEST /ManifestFile:"Debug\Threads.dll.intermediate.manifest" /MANIFESTUAC:"level='asInvoker' uiAccess='false'" /DEBUG /PDB:"c:\users\kevin\documents\visual studio 2010\Projects\ThreadTest\Debug\Threads.pdb" /ASSEMBLYDEBUG /TLBID:1 /DYNAMICBASE /FIXED:NO /NXCOMPAT /MACHINE:X86 /DLL Debug\app.res
         Debug\AssemblyInfo.obj
         Debug\Stdafx.obj
         Debug\ThreadCond.obj
         Debug\ThreadMutex.obj
         Debug\Threads.obj
         "Debug\.NETFramework,Version=v4.0.AssemblyAttributes.obj"
            Creating library c:\users\kevin\documents\visual studio 2010\Projects\ThreadTest\Debug\Threads.lib and object c:\users\kevin\documents\visual studio 2010\Projects\ThreadTest\Debug\Threads.exp
         Threads.vcxproj -> c:\users\kevin\documents\visual studio 2010\Projects\ThreadTest\Debug\Threads.dll
       Manifest:
         C:\Program Files (x86)\Microsoft SDKs\Windows\v7.0A\bin\mt.exe /nologo /verbose /outputresource:"c:\users\kevin\documents\visual studio 2010\Projects\ThreadTest\Debug\Threads.dll;#2" /manifest Debug\Threads.dll.intermediate.manifest
       FinalizeBuildStatus:
         Deleting file "Debug\Threads.unsuccessfulbuild".
         Touching "Debug\Threads.lastbuildstate".
     1>Done Building Project "C:\Users\Kevin\Documents\Visual Studio 2010\Projects\Threads\Threads\Threads.vcxproj" (build target(s)).

Build succeeded.

Time Elapsed 00:00:00.48
